cl : command line  warning D9035: option 'Gm' has been deprecated and will be removed in a future release
  example1.cpp
D:\GianHang\GLSLExperiment\example1.cpp(126,40): warning C4305: 'argument': truncation from 'double' to 'GLfloat'
D:\GianHang\GLSLExperiment\example1.cpp(131,43): warning C4305: 'argument': truncation from 'double' to 'GLfloat'
D:\GianHang\GLSLExperiment\example1.cpp(132,44): warning C4305: 'argument': truncation from 'double' to 'GLfloat'
D:\GianHang\GLSLExperiment\example1.cpp(182,42): warning C4305: 'argument': truncation from 'double' to 'GLfloat'
D:\GianHang\GLSLExperiment\example1.cpp(186,68): warning C4305: 'argument': truncation from 'double' to 'const GLfloat'
D:\GianHang\GLSLExperiment\example1.cpp(191,42): warning C4305: 'argument': truncation from 'double' to 'GLfloat'
D:\GianHang\GLSLExperiment\example1.cpp(195,38): warning C4305: 'argument': truncation from 'double' to 'const GLfloat'
D:\GianHang\GLSLExperiment\example1.cpp(195,62): warning C4305: 'argument': truncation from 'double' to 'const GLfloat'
D:\GianHang\GLSLExperiment\example1.cpp(200,42): warning C4305: 'argument': truncation from 'double' to 'GLfloat'
D:\GianHang\GLSLExperiment\example1.cpp(204,42): warning C4305: 'argument': truncation from 'double' to 'GLfloat'
D:\GianHang\GLSLExperiment\example1.cpp(208,37): warning C4305: 'argument': truncation from 'double' to 'const GLfloat'
D:\GianHang\GLSLExperiment\example1.cpp(208,61): warning C4305: 'argument': truncation from 'double' to 'const GLfloat'
D:\GianHang\GLSLExperiment\example1.cpp(213,42): warning C4305: 'argument': truncation from 'double' to 'GLfloat'
D:\GianHang\GLSLExperiment\example1.cpp(217,40): warning C4305: 'argument': truncation from 'double' to 'const GLfloat'
D:\GianHang\GLSLExperiment\example1.cpp(217,62): warning C4305: 'argument': truncation from 'double' to 'const GLfloat'
D:\GianHang\GLSLExperiment\example1.cpp(222,42): warning C4305: 'argument': truncation from 'double' to 'GLfloat'
D:\GianHang\GLSLExperiment\example1.cpp(226,40): warning C4305: 'argument': truncation from 'double' to 'const GLfloat'
D:\GianHang\GLSLExperiment\example1.cpp(226,60): warning C4305: 'argument': truncation from 'double' to 'const GLfloat'
D:\GianHang\GLSLExperiment\example1.cpp(236,40): warning C4305: 'argument': truncation from 'double' to 'const GLfloat'
D:\GianHang\GLSLExperiment\example1.cpp(236,62): warning C4305: 'argument': truncation from 'double' to 'const GLfloat'
D:\GianHang\GLSLExperiment\example1.cpp(257,68): warning C4305: 'argument': truncation from 'double' to 'const GLfloat'
D:\GianHang\GLSLExperiment\example1.cpp(267,35): warning C4305: 'argument': truncation from 'double' to 'const GLfloat'
D:\GianHang\GLSLExperiment\example1.cpp(267,69): warning C4305: 'argument': truncation from 'double' to 'const GLfloat'
D:\GianHang\GLSLExperiment\example1.cpp(276,33): warning C4305: 'argument': truncation from 'double' to 'const GLfloat'
D:\GianHang\GLSLExperiment\example1.cpp(276,57): warning C4305: 'argument': truncation from 'double' to 'const GLfloat'
D:\GianHang\GLSLExperiment\example1.cpp(286,33): warning C4305: 'argument': truncation from 'double' to 'const GLfloat'
D:\GianHang\GLSLExperiment\example1.cpp(286,57): warning C4305: 'argument': truncation from 'double' to 'const GLfloat'
D:\GianHang\GLSLExperiment\example1.cpp(292,33): warning C4305: 'argument': truncation from 'double' to 'const GLfloat'
D:\GianHang\GLSLExperiment\example1.cpp(292,79): warning C4305: 'argument': truncation from 'double' to 'const GLfloat'
D:\GianHang\GLSLExperiment\example1.cpp(298,28): warning C4305: 'argument': truncation from 'double' to 'GLfloat'
D:\GianHang\GLSLExperiment\example1.cpp(299,29): warning C4305: 'argument': truncation from 'double' to 'GLfloat'
D:\GianHang\GLSLExperiment\example1.cpp(300,27): warning C4305: 'argument': truncation from 'double' to 'GLfloat'
D:\GianHang\GLSLExperiment\example1.cpp(301,28): warning C4305: 'argument': truncation from 'double' to 'GLfloat'
D:\GianHang\GLSLExperiment\example1.cpp(304,33): warning C4305: 'argument': truncation from 'double' to 'const GLfloat'
D:\GianHang\GLSLExperiment\example1.cpp(304,58): warning C4305: 'argument': truncation from 'double' to 'const GLfloat'
D:\GianHang\GLSLExperiment\example1.cpp(304,83): warning C4305: 'argument': truncation from 'double' to 'const GLfloat'
D:\GianHang\GLSLExperiment\example1.cpp(309,33): warning C4305: 'argument': truncation from 'double' to 'const GLfloat'
D:\GianHang\GLSLExperiment\example1.cpp(309,60): warning C4305: 'argument': truncation from 'double' to 'const GLfloat'
D:\GianHang\GLSLExperiment\example1.cpp(309,84): warning C4305: 'argument': truncation from 'double' to 'const GLfloat'
D:\GianHang\GLSLExperiment\example1.cpp(320,21): warning C4305: 'argument': truncation from 'double' to 'GLfloat'
D:\GianHang\GLSLExperiment\example1.cpp(322,23): warning C4305: 'argument': truncation from 'double' to 'GLfloat'
D:\GianHang\GLSLExperiment\example1.cpp(323,16): warning C4305: 'argument': truncation from 'double' to 'GLfloat'
D:\GianHang\GLSLExperiment\example1.cpp(324,17): warning C4305: 'argument': truncation from 'double' to 'GLfloat'
D:\GianHang\GLSLExperiment\example1.cpp(328,19): warning C4244: 'argument': conversion from 'int' to 'GLfloat', possible loss of data
D:\GianHang\GLSLExperiment\example1.cpp(332,34): warning C4305: 'argument': truncation from 'double' to 'const GLfloat'
D:\GianHang\GLSLExperiment\example1.cpp(332,81): warning C4305: 'argument': truncation from 'double' to 'const GLfloat'
D:\GianHang\GLSLExperiment\example1.cpp(337,32): warning C4305: 'argument': truncation from 'double' to 'const GLfloat'
D:\GianHang\GLSLExperiment\example1.cpp(342,34): warning C4305: 'argument': truncation from 'double' to 'const GLfloat'
D:\GianHang\GLSLExperiment\example1.cpp(342,60): warning C4305: 'argument': truncation from 'double' to 'const GLfloat'
D:\GianHang\GLSLExperiment\example1.cpp(351,33): warning C4305: 'argument': truncation from 'double' to 'const GLfloat'
D:\GianHang\GLSLExperiment\example1.cpp(351,72): warning C4305: 'argument': truncation from 'double' to 'const GLfloat'
D:\GianHang\GLSLExperiment\example1.cpp(356,70): warning C4305: 'argument': truncation from 'double' to 'const GLfloat'
D:\GianHang\GLSLExperiment\example1.cpp(362,22): warning C4305: 'argument': truncation from 'double' to 'GLfloat'
D:\GianHang\GLSLExperiment\example1.cpp(363,21): warning C4305: 'argument': truncation from 'double' to 'GLfloat'
D:\GianHang\GLSLExperiment\example1.cpp(366,33): warning C4305: 'argument': truncation from 'double' to 'const GLfloat'
D:\GianHang\GLSLExperiment\example1.cpp(371,34): warning C4305: 'argument': truncation from 'double' to 'const GLfloat'
D:\GianHang\GLSLExperiment\example1.cpp(377,41): warning C4305: 'argument': truncation from 'double' to 'const GLfloat'
D:\GianHang\GLSLExperiment\example1.cpp(379,50): warning C4305: 'argument': truncation from 'double' to 'const GLfloat'
D:\GianHang\GLSLExperiment\example1.cpp(383,40): warning C4305: 'argument': truncation from 'double' to 'const GLfloat'
D:\GianHang\GLSLExperiment\example1.cpp(385,50): warning C4305: 'argument': truncation from 'double' to 'const GLfloat'
D:\GianHang\GLSLExperiment\example1.cpp(393,33): warning C4305: 'argument': truncation from 'double' to 'const GLfloat'
D:\GianHang\GLSLExperiment\example1.cpp(398,34): warning C4305: 'argument': truncation from 'double' to 'const GLfloat'
D:\GianHang\GLSLExperiment\example1.cpp(398,60): warning C4305: 'argument': truncation from 'double' to 'const GLfloat'
D:\GianHang\GLSLExperiment\example1.cpp(403,38): warning C4305: 'argument': truncation from 'double' to 'const GLfloat'
D:\GianHang\GLSLExperiment\example1.cpp(405,47): warning C4305: 'argument': truncation from 'double' to 'const GLfloat'
D:\GianHang\GLSLExperiment\example1.cpp(409,37): warning C4305: 'argument': truncation from 'double' to 'const GLfloat'
D:\GianHang\GLSLExperiment\example1.cpp(411,47): warning C4305: 'argument': truncation from 'double' to 'const GLfloat'
D:\GianHang\GLSLExperiment\example1.cpp(419,62): warning C4305: 'argument': truncation from 'double' to 'const GLfloat'
D:\GianHang\GLSLExperiment\example1.cpp(427,43): warning C4305: 'argument': truncation from 'double' to 'const GLfloat'
D:\GianHang\GLSLExperiment\example1.cpp(427,66): warning C4305: 'argument': truncation from 'double' to 'const GLfloat'
D:\GianHang\GLSLExperiment\example1.cpp(466,12): warning C4305: '*=': truncation from 'double' to 'GLfloat'
D:\GianHang\GLSLExperiment\example1.cpp(470,12): warning C4305: '*=': truncation from 'double' to 'GLfloat'
D:\GianHang\GLSLExperiment\example1.cpp(504,12): warning C4305: '-=': truncation from 'double' to 'GLfloat'
D:\GianHang\GLSLExperiment\example1.cpp(505,30): warning C4305: '=': truncation from 'double' to 'GLfloat'
D:\GianHang\GLSLExperiment\example1.cpp(509,12): warning C4305: '+=': truncation from 'double' to 'GLfloat'
D:\GianHang\GLSLExperiment\example1.cpp(514,13): warning C4305: '=': truncation from 'double' to 'GLfloat'
D:\GianHang\GLSLExperiment\example1.cpp(515,13): warning C4305: '+=': truncation from 'double' to 'GLfloat'
D:\GianHang\GLSLExperiment\example1.cpp(518,14): warning C4305: '=': truncation from 'double' to 'GLfloat'
D:\GianHang\GLSLExperiment\example1.cpp(523,13): warning C4305: '-=': truncation from 'double' to 'GLfloat'
D:\GianHang\GLSLExperiment\example1.cpp(532,12): warning C4305: '+=': truncation from 'double' to 'GLfloat'
D:\GianHang\GLSLExperiment\example1.cpp(533,12): warning C4305: '+=': truncation from 'double' to 'GLfloat'
D:\GianHang\GLSLExperiment\example1.cpp(538,11): warning C4305: '+=': truncation from 'double' to 'GLfloat'
D:\GianHang\GLSLExperiment\example1.cpp(539,13): warning C4305: '+=': truncation from 'double' to 'GLfloat'
  GLSLExperiment.vcxproj -> D:\GianHang\Debug\GLSLExperiment.exe
